Determining if the pthread_create exist failed with the following output:
Change Dir: /home/younes/Images/ratslam_test/rospyy/build/CMakeFiles/CMakeTmp

Run Build Command:"/usr/bin/make" "cmTC_389e9/fast"
/usr/bin/make -f CMakeFiles/cmTC_389e9.dir/build.make CMakeFiles/cmTC_389e9.dir/build
make[1] : on entre dans le répertoire « /home/younes/Images/ratslam_test/rospyy/build/CMakeFiles/CMakeTmp »
Building C object CMakeFiles/cmTC_389e9.dir/CheckSymbolExists.c.o
/usr/bin/cc     -o CMakeFiles/cmTC_389e9.dir/CheckSymbolExists.c.o   -c /home/younes/Images/ratslam_test/rospyy/build/CMakeFiles/CMakeTmp/CheckSymbolExists.c
Linking C executable cmTC_389e9
/usr/bin/cmake -E cmake_link_script CMakeFiles/cmTC_389e9.dir/link.txt --verbose=1
/usr/bin/cc       CMakeFiles/cmTC_389e9.dir/CheckSymbolExists.c.o  -o cmTC_389e9 -rdynamic 
CMakeFiles/cmTC_389e9.dir/CheckSymbolExists.c.o: dans la fonction « main »:
CheckSymbolExists.c:(.text+0x16): référence indéfinie vers « pthread_create »
collect2: error: ld returned 1 exit status
CMakeFiles/cmTC_389e9.dir/build.make:97 : la recette pour la cible « cmTC_389e9 » a échouée
make[1]: *** [cmTC_389e9] Erreur 1
make[1] : on quitte le répertoire « /home/younes/Images/ratslam_test/rospyy/build/CMakeFiles/CMakeTmp »
Makefile:126 : la recette pour la cible « cmTC_389e9/fast » a échouée
make: *** [cmTC_389e9/fast] Erreur 2

File /home/younes/Images/ratslam_test/rospyy/build/CMakeFiles/CMakeTmp/CheckSymbolExists.c:
/* */
#include <pthread.h>

int main(int argc, char** argv)
{
  (void)argv;
#ifndef pthread_create
  return ((int*)(&pthread_create))[argc];
#else
  (void)argc;
  return 0;
#endif
}

Determining if the function pthread_create exists in the pthreads failed with the following output:
Change Dir: /home/younes/Images/ratslam_test/rospyy/build/CMakeFiles/CMakeTmp

Run Build Command:"/usr/bin/make" "cmTC_f779d/fast"
/usr/bin/make -f CMakeFiles/cmTC_f779d.dir/build.make CMakeFiles/cmTC_f779d.dir/build
make[1] : on entre dans le répertoire « /home/younes/Images/ratslam_test/rospyy/build/CMakeFiles/CMakeTmp »
Building C object CMakeFiles/cmTC_f779d.dir/CheckFunctionExists.c.o
/usr/bin/cc    -DCHECK_FUNCTION_EXISTS=pthread_create   -o CMakeFiles/cmTC_f779d.dir/CheckFunctionExists.c.o   -c /usr/share/cmake-3.5/Modules/CheckFunctionExists.c
Linking C executable cmTC_f779d
/usr/bin/cmake -E cmake_link_script CMakeFiles/cmTC_f779d.dir/link.txt --verbose=1
/usr/bin/cc   -DCHECK_FUNCTION_EXISTS=pthread_create    CMakeFiles/cmTC_f779d.dir/CheckFunctionExists.c.o  -o cmTC_f779d -rdynamic -lpthreads 
/usr/bin/ld : ne peut trouver -lpthreads
collect2: error: ld returned 1 exit status
CMakeFiles/cmTC_f779d.dir/build.make:97 : la recette pour la cible « cmTC_f779d » a échouée
make[1]: *** [cmTC_f779d] Erreur 1
make[1] : on quitte le répertoire « /home/younes/Images/ratslam_test/rospyy/build/CMakeFiles/CMakeTmp »
Makefile:126 : la recette pour la cible « cmTC_f779d/fast » a échouée
make: *** [cmTC_f779d/fast] Erreur 2


